<?xml version="1.0" encoding="UTF-8"?>
<coverage generated="1790078381574" clover="3.2.0">
  <project timestamp="1790078381574" name="All files">
    <metrics statements="110" coveredstatements="67" conditionals="16" coveredconditionals="12" methods="24" coveredmethods="13" elements="150" coveredelements="92" complexity="0" loc="110" ncloc="110" packages="5" files="13" classes="13"/>
    <package name="generated.prisma">
      <metrics statements="2" coveredstatements="2" conditionals="0" coveredconditionals="0" methods="0" coveredmethods="0"/>
      <file name="client.ts" path="C:\VSC_REPOSITORY\AppoimentSystem\generated\prisma\client.ts">
        <metrics statements="2" coveredstatements="2" conditionals="0" coveredconditionals="0" methods="0" coveredmethods="0"/>
        <line num="16" count="1" type="stmt"/>
        <line num="40" count="1" type="stmt"/>
      </file>
      <file name="enums.ts" path="C:\VSC_REPOSITORY\AppoimentSystem\generated\prisma\enums.ts">
        <metrics statements="0" coveredstatements="0" conditionals="0" coveredconditionals="0" methods="0" coveredmethods="0"/>
      </file>
    </package>
    <package name="generated.prisma.internal">
      <metrics statements="38" coveredstatements="32" conditionals="0" coveredconditionals="0" methods="4" coveredmethods="1"/>
      <file name="class.ts" path="C:\VSC_REPOSITORY\AppoimentSystem\generated\prisma\internal\class.ts">
        <metrics statements="11" coveredstatements="5" conditionals="0" coveredconditionals="0" methods="4" coveredmethods="1"/>
        <line num="18" count="1" type="stmt"/>
        <line num="35" count="1" type="stmt"/>
        <line num="36" count="1" type="stmt"/>
        <line num="42" count="0" type="stmt"/>
        <line num="43" count="0" type="stmt"/>
        <line num="44" count="0" type="stmt"/>
        <line num="47" count="1" type="stmt"/>
        <line num="48" count="0" type="stmt"/>
        <line num="51" count="0" type="stmt"/>
        <line num="52" count="0" type="stmt"/>
        <line num="253" count="1" type="stmt"/>
      </file>
      <file name="prismaNamespace.ts" path="C:\VSC_REPOSITORY\AppoimentSystem\generated\prisma\internal\prismaNamespace.ts">
        <metrics statements="27" coveredstatements="27" conditionals="0" coveredconditionals="0" methods="0" coveredmethods="0"/>
        <line num="32" count="1" type="stmt"/>
        <line num="35" count="1" type="stmt"/>
        <line num="38" count="1" type="stmt"/>
        <line num="41" count="1" type="stmt"/>
        <line num="44" count="1" type="stmt"/>
        <line num="50" count="1" type="stmt"/>
        <line num="51" count="1" type="stmt"/>
        <line num="52" count="1" type="stmt"/>
        <line num="53" count="1" type="stmt"/>
        <line num="54" count="1" type="stmt"/>
        <line num="62" count="1" type="stmt"/>
        <line num="86" count="1" type="stmt"/>
        <line num="104" count="1" type="stmt"/>
        <line num="114" count="1" type="stmt"/>
        <line num="121" count="1" type="stmt"/>
        <line num="128" count="1" type="stmt"/>
        <line num="399" count="1" type="stmt"/>
        <line num="898" count="1" type="stmt"/>
        <line num="908" count="1" type="stmt"/>
        <line num="923" count="1" type="stmt"/>
        <line num="934" count="1" type="stmt"/>
        <line num="946" count="1" type="stmt"/>
        <line num="958" count="1" type="stmt"/>
        <line num="969" count="1" type="stmt"/>
        <line num="979" count="1" type="stmt"/>
        <line num="987" count="1" type="stmt"/>
        <line num="995" count="1" type="stmt"/>
      </file>
    </package>
    <package name="src.lib">
      <metrics statements="3" coveredstatements="3" conditionals="0" coveredconditionals="0" methods="0" coveredmethods="0"/>
      <file name="prisma.ts" path="C:\VSC_REPOSITORY\AppoimentSystem\src\lib\prisma.ts">
        <metrics statements="3" coveredstatements="3" conditionals="0" coveredconditionals="0" methods="0" coveredmethods="0"/>
        <line num="6" count="1" type="stmt"/>
        <line num="8" count="1" type="stmt"/>
        <line num="9" count="1" type="stmt"/>
      </file>
    </package>
    <package name="src.modules.owner">
      <metrics statements="54" coveredstatements="30" conditionals="15" coveredconditionals="12" methods="13" coveredmethods="6"/>
      <file name="owner.controller.ts" path="C:\VSC_REPOSITORY\AppoimentSystem\src\modules\owner\owner.controller.ts">
        <metrics statements="18" coveredstatements="1" conditionals="2" coveredconditionals="0" methods="3" coveredmethods="1"/>
        <line num="11" count="1" type="stmt"/>
        <line num="13" count="0" type="stmt"/>
        <line num="15" count="0" type="stmt"/>
        <line num="17" count="0" type="stmt"/>
        <line num="19" count="0" type="stmt"/>
        <line num="21" count="0" type="stmt"/>
        <line num="27" count="0" type="stmt"/>
        <line num="28" count="0" type="stmt"/>
        <line num="31" count="0" type="cond" truecount="0" falsecount="2"/>
        <line num="32" count="0" type="stmt"/>
        <line num="33" count="0" type="stmt"/>
        <line num="34" count="0" type="stmt"/>
        <line num="35" count="0" type="stmt"/>
        <line num="37" count="0" type="stmt"/>
        <line num="38" count="0" type="stmt"/>
        <line num="39" count="0" type="stmt"/>
        <line num="40" count="0" type="stmt"/>
        <line num="44" count="0" type="stmt"/>
      </file>
      <file name="owner.repository.ts" path="C:\VSC_REPOSITORY\AppoimentSystem\src\modules\owner\owner.repository.ts">
        <metrics statements="5" coveredstatements="1" conditionals="1" coveredconditionals="1" methods="5" coveredmethods="1"/>
        <line num="5" count="1" type="cond" truecount="1" falsecount="0"/>
        <line num="8" count="0" type="stmt"/>
        <line num="14" count="0" type="stmt"/>
        <line num="18" count="0" type="stmt"/>
        <line num="22" count="0" type="stmt"/>
      </file>
      <file name="owner.route.ts" path="C:\VSC_REPOSITORY\AppoimentSystem\src\modules\owner\owner.route.ts">
        <metrics statements="6" coveredstatements="4" conditionals="0" coveredconditionals="0" methods="1" coveredmethods="0"/>
        <line num="7" count="1" type="stmt"/>
        <line num="8" count="1" type="stmt"/>
        <line num="9" count="1" type="stmt"/>
        <line num="11" count="1" type="stmt"/>
        <line num="13" count="0" type="stmt"/>
        <line num="16" count="0" type="stmt"/>
      </file>
      <file name="owner.service.ts" path="C:\VSC_REPOSITORY\AppoimentSystem\src\modules\owner\owner.service.ts">
        <metrics statements="23" coveredstatements="22" conditionals="12" coveredconditionals="11" methods="4" coveredmethods="4"/>
        <line num="9" count="10" type="stmt"/>
        <line num="13" count="3" type="stmt"/>
        <line num="14" count="3" type="cond" truecount="2" falsecount="0"/>
        <line num="15" count="1" type="stmt"/>
        <line num="18" count="2" type="stmt"/>
        <line num="19" count="2" type="cond" truecount="2" falsecount="0"/>
        <line num="20" count="1" type="stmt"/>
        <line num="23" count="1" type="stmt"/>
        <line num="25" count="1" type="stmt"/>
        <line num="29" count="4" type="stmt"/>
        <line num="30" count="4" type="cond" truecount="2" falsecount="0"/>
        <line num="31" count="1" type="stmt"/>
        <line num="33" count="3" type="stmt"/>
        <line num="34" count="3" type="cond" truecount="2" falsecount="0"/>
        <line num="35" count="2" type="stmt"/>
        <line num="37" count="1" type="stmt"/>
        <line num="41" count="2" type="stmt"/>
        <line num="42" count="2" type="cond" truecount="2" falsecount="0"/>
        <line num="43" count="1" type="stmt"/>
        <line num="45" count="1" type="stmt"/>
        <line num="46" count="1" type="cond" truecount="1" falsecount="1"/>
        <line num="47" count="0" type="stmt"/>
        <line num="49" count="1" type="stmt"/>
      </file>
      <file name="owner.types.ts" path="C:\VSC_REPOSITORY\AppoimentSystem\src\modules\owner\owner.types.ts">
        <metrics statements="2" coveredstatements="2" conditionals="0" coveredconditionals="0" methods="0" coveredmethods="0"/>
        <line num="3" count="1" type="stmt"/>
        <line num="13" count="1" type="stmt"/>
      </file>
    </package>
    <package name="src.utils">
      <metrics statements="13" coveredstatements="0" conditionals="1" coveredconditionals="0" methods="7" coveredmethods="6"/>
      <file name="cookieService.ts" path="C:\VSC_REPOSITORY\AppoimentSystem\src\utils\cookieService.ts">
        <metrics statements="2" coveredstatements="0" conditionals="0" coveredconditionals="0" methods="2" coveredmethods="2"/>
        <line num="8" count="0" type="stmt"/>
        <line num="18" count="0" type="stmt"/>
      </file>
      <file name="passwordHash.ts" path="C:\VSC_REPOSITORY\AppoimentSystem\src\utils\passwordHash.ts">
        <metrics statements="5" coveredstatements="0" conditionals="1" coveredconditionals="0" methods="3" coveredmethods="2"/>
        <line num="7" count="0" type="cond" truecount="0" falsecount="1"/>
        <line num="10" count="0" type="stmt"/>
        <line num="11" count="0" type="stmt"/>
        <line num="15" count="0" type="stmt"/>
        <line num="16" count="0" type="stmt"/>
      </file>
      <file name="tokenService.ts" path="C:\VSC_REPOSITORY\AppoimentSystem\src\utils\tokenService.ts">
        <metrics statements="6" coveredstatements="0" conditionals="0" coveredconditionals="0" methods="2" coveredmethods="2"/>
        <line num="7" count="0" type="stmt"/>
        <line num="8" count="0" type="stmt"/>
        <line num="12" count="0" type="stmt"/>
        <line num="13" count="0" type="stmt"/>
        <line num="14" count="0" type="stmt"/>
        <line num="16" count="0" type="stmt"/>
      </file>
    </package>
  </project>
</coverage>
