{"C:\\VSC_REPOSITORY\\AppoimentSystem\\generated\\prisma\\client.ts": {"path":"C:\\VSC_REPOSITORY\\AppoimentSystem\\generated\\prisma\\client.ts","statementMap":{"0":{"start":{"line":16,"column":0},"end":{"line":16,"column":null}},"1":{"start":{"line":40,"column":28},"end":{"line":40,"column":null}}},"fnMap":{},"branchMap":{},"s":{"0":1,"1":1},"f":{},"b":{},"meta":{"lastBranch":0,"lastFunction":0,"lastStatement":2,"seen":{"s:16:0:16:Infinity":0,"s:40:28:40:Infinity":1},"fnNames":{}}}
,"C:\\VSC_REPOSITORY\\AppoimentSystem\\generated\\prisma\\enums.ts": {"path":"C:\\VSC_REPOSITORY\\AppoimentSystem\\generated\\prisma\\enums.ts","statementMap":{},"fnMap":{},"branchMap":{},"s":{},"f":{},"b":{},"meta":{"lastBranch":0,"lastFunction":0,"lastStatement":0,"seen":{},"fnNames":{}}}
,"C:\\VSC_REPOSITORY\\AppoimentSystem\\generated\\prisma\\internal\\class.ts": {"path":"C:\\VSC_REPOSITORY\\AppoimentSystem\\generated\\prisma\\internal\\class.ts","statementMap":{"0":{"start":{"line":18,"column":46},"end":{"line":33,"column":null}},"1":{"start":{"line":35,"column":0},"end":{"line":35,"column":null}},"2":{"start":{"line":36,"column":0},"end":{"line":39,"column":null}},"3":{"start":{"line":42,"column":21},"end":{"line":42,"column":null}},"4":{"start":{"line":43,"column":20},"end":{"line":43,"column":null}},"5":{"start":{"line":44,"column":2},"end":{"line":44,"column":null}},"6":{"start":{"line":47,"column":0},"end":{"line":56,"column":null}},"7":{"start":{"line":48,"column":26},"end":{"line":48,"column":null}},"8":{"start":{"line":51,"column":21},"end":{"line":51,"column":null}},"9":{"start":{"line":52,"column":4},"end":{"line":52,"column":null}},"10":{"start":{"line":253,"column":2},"end":{"line":253,"column":null}}},"fnMap":{"0":{"name":"decodeBase64AsWasm","decl":{"start":{"line":41,"column":15},"end":{"line":41,"column":34}},"loc":{"start":{"line":41,"column":83},"end":{"line":45,"column":null}},"line":41},"1":{"name":"(anonymous_1)","decl":{"start":{"line":48,"column":14},"end":{"line":48,"column":26}},"loc":{"start":{"line":48,"column":26},"end":{"line":48,"column":null}},"line":48},"2":{"name":"(anonymous_2)","decl":{"start":{"line":50,"column":30},"end":{"line":50,"column":42}},"loc":{"start":{"line":50,"column":42},"end":{"line":53,"column":null}},"line":50},"3":{"name":"getPrismaClientClass","decl":{"start":{"line":252,"column":16},"end":{"line":252,"column":64}},"loc":{"start":{"line":252,"column":64},"end":{"line":254,"column":null}},"line":252}},"branchMap":{},"s":{"0":1,"1":1,"2":1,"3":0,"4":0,"5":0,"6":1,"7":0,"8":0,"9":0,"10":1},"f":{"0":0,"1":0,"2":0,"3":1},"b":{},"meta":{"lastBranch":0,"lastFunction":4,"lastStatement":11,"seen":{"s:18:46:33:Infinity":0,"s:35:0:35:Infinity":1,"s:36:0:39:Infinity":2,"f:41:15:41:34":0,"s:42:21:42:Infinity":3,"s:43:20:43:Infinity":4,"s:44:2:44:Infinity":5,"s:47:0:56:Infinity":6,"f:48:14:48:26":1,"s:48:26:48:Infinity":7,"f:50:30:50:42":2,"s:51:21:51:Infinity":8,"s:52:4:52:Infinity":9,"f:252:16:252:64":3,"s:253:2:253:Infinity":10},"fnNames":{}}}
,"C:\\VSC_REPOSITORY\\AppoimentSystem\\generated\\prisma\\internal\\prismaNamespace.ts": {"path":"C:\\VSC_REPOSITORY\\AppoimentSystem\\generated\\prisma\\internal\\prismaNamespace.ts","statementMap":{"0":{"start":{"line":32,"column":45},"end":{"line":32,"column":null}},"1":{"start":{"line":35,"column":47},"end":{"line":35,"column":null}},"2":{"start":{"line":38,"column":42},"end":{"line":38,"column":null}},"3":{"start":{"line":41,"column":47},"end":{"line":41,"column":null}},"4":{"start":{"line":44,"column":43},"end":{"line":44,"column":null}},"5":{"start":{"line":50,"column":19},"end":{"line":50,"column":null}},"6":{"start":{"line":51,"column":21},"end":{"line":51,"column":null}},"7":{"start":{"line":52,"column":20},"end":{"line":52,"column":null}},"8":{"start":{"line":53,"column":19},"end":{"line":53,"column":null}},"9":{"start":{"line":54,"column":19},"end":{"line":54,"column":null}},"10":{"start":{"line":62,"column":23},"end":{"line":62,"column":null}},"11":{"start":{"line":86,"column":44},"end":{"line":89,"column":null}},"12":{"start":{"line":104,"column":25},"end":{"line":108,"column":null}},"13":{"start":{"line":114,"column":22},"end":{"line":114,"column":null}},"14":{"start":{"line":121,"column":24},"end":{"line":121,"column":null}},"15":{"start":{"line":128,"column":23},"end":{"line":128,"column":null}},"16":{"start":{"line":399,"column":25},"end":{"line":406,"column":null}},"17":{"start":{"line":898,"column":41},"end":{"line":903,"column":null}},"18":{"start":{"line":908,"column":44},"end":{"line":918,"column":null}},"19":{"start":{"line":923,"column":43},"end":{"line":929,"column":null}},"20":{"start":{"line":934,"column":36},"end":{"line":941,"column":null}},"21":{"start":{"line":946,"column":38},"end":{"line":953,"column":null}},"22":{"start":{"line":958,"column":37},"end":{"line":964,"column":null}},"23":{"start":{"line":969,"column":42},"end":{"line":974,"column":null}},"24":{"start":{"line":979,"column":25},"end":{"line":982,"column":null}},"25":{"start":{"line":987,"column":25},"end":{"line":990,"column":null}},"26":{"start":{"line":995,"column":26},"end":{"line":998,"column":null}}},"fnMap":{},"branchMap":{},"s":{"0":1,"1":1,"2":1,"3":1,"4":1,"5":1,"6":1,"7":1,"8":1,"9":1,"10":1,"11":1,"12":1,"13":1,"14":1,"15":1,"16":1,"17":1,"18":1,"19":1,"20":1,"21":1,"22":1,"23":1,"24":1,"25":1,"26":1},"f":{},"b":{},"meta":{"lastBranch":0,"lastFunction":0,"lastStatement":27,"seen":{"s:32:45:32:Infinity":0,"s:35:47:35:Infinity":1,"s:38:42:38:Infinity":2,"s:41:47:41:Infinity":3,"s:44:43:44:Infinity":4,"s:50:19:50:Infinity":5,"s:51:21:51:Infinity":6,"s:52:20:52:Infinity":7,"s:53:19:53:Infinity":8,"s:54:19:54:Infinity":9,"s:62:23:62:Infinity":10,"s:86:44:89:Infinity":11,"s:104:25:108:Infinity":12,"s:114:22:114:Infinity":13,"s:121:24:121:Infinity":14,"s:128:23:128:Infinity":15,"s:399:25:406:Infinity":16,"s:898:41:903:Infinity":17,"s:908:44:918:Infinity":18,"s:923:43:929:Infinity":19,"s:934:36:941:Infinity":20,"s:946:38:953:Infinity":21,"s:958:37:964:Infinity":22,"s:969:42:974:Infinity":23,"s:979:25:982:Infinity":24,"s:987:25:990:Infinity":25,"s:995:26:998:Infinity":26},"fnNames":{}}}
,"C:\\VSC_REPOSITORY\\AppoimentSystem\\src\\lib\\prisma.ts": {"path":"C:\\VSC_REPOSITORY\\AppoimentSystem\\src\\lib\\prisma.ts","statementMap":{"0":{"start":{"line":6,"column":25},"end":{"line":6,"column":null}},"1":{"start":{"line":8,"column":16},"end":{"line":8,"column":null}},"2":{"start":{"line":9,"column":15},"end":{"line":9,"column":null}}},"fnMap":{},"branchMap":{},"s":{"0":1,"1":1,"2":1},"f":{},"b":{},"meta":{"lastBranch":0,"lastFunction":0,"lastStatement":3,"seen":{"s:6:25:6:Infinity":0,"s:8:16:8:Infinity":1,"s:9:15:9:Infinity":2},"fnNames":{}}}
,"C:\\VSC_REPOSITORY\\AppoimentSystem\\src\\modules\\owner\\owner.controller.ts": {"path":"C:\\VSC_REPOSITORY\\AppoimentSystem\\src\\modules\\owner\\owner.controller.ts","statementMap":{"0":{"start":{"line":11,"column":24},"end":{"line":11,"column":46}},"1":{"start":{"line":13,"column":8},"end":{"line":22,"column":null}},"2":{"start":{"line":15,"column":25},"end":{"line":15,"column":null}},"3":{"start":{"line":17,"column":12},"end":{"line":17,"column":null}},"4":{"start":{"line":19,"column":12},"end":{"line":19,"column":null}},"5":{"start":{"line":21,"column":12},"end":{"line":21,"column":null}},"6":{"start":{"line":27,"column":8},"end":{"line":45,"column":null}},"7":{"start":{"line":28,"column":25},"end":{"line":28,"column":null}},"8":{"start":{"line":31,"column":12},"end":{"line":41,"column":null}},"9":{"start":{"line":32,"column":30},"end":{"line":32,"column":null}},"10":{"start":{"line":33,"column":30},"end":{"line":33,"column":null}},"11":{"start":{"line":34,"column":16},"end":{"line":34,"column":null}},"12":{"start":{"line":35,"column":16},"end":{"line":35,"column":null}},"13":{"start":{"line":37,"column":30},"end":{"line":37,"column":null}},"14":{"start":{"line":38,"column":30},"end":{"line":38,"column":null}},"15":{"start":{"line":39,"column":16},"end":{"line":39,"column":null}},"16":{"start":{"line":40,"column":16},"end":{"line":40,"column":null}},"17":{"start":{"line":44,"column":12},"end":{"line":44,"column":null}}},"fnMap":{"0":{"name":"constructor","decl":{"start":{"line":11,"column":4},"end":{"line":11,"column":16}},"loc":{"start":{"line":11,"column":46},"end":{"line":11,"column":null}},"line":11},"1":{"name":"createOwner","decl":{"start":{"line":12,"column":10},"end":{"line":12,"column":22}},"loc":{"start":{"line":12,"column":67},"end":{"line":23,"column":null}},"line":12},"2":{"name":"login","decl":{"start":{"line":25,"column":10},"end":{"line":25,"column":16}},"loc":{"start":{"line":25,"column":61},"end":{"line":46,"column":null}},"line":25}},"branchMap":{"0":{"loc":{"start":{"line":31,"column":12},"end":{"line":41,"column":null}},"type":"if","locations":[{"start":{"line":31,"column":12},"end":{"line":41,"column":null}},{"start":{"line":36,"column":17},"end":{"line":41,"column":null}}],"line":31}},"s":{"0":1,"1":0,"2":0,"3":0,"4":0,"5":0,"6":0,"7":0,"8":0,"9":0,"10":0,"11":0,"12":0,"13":0,"14":0,"15":0,"16":0,"17":0},"f":{"0":1,"1":0,"2":0},"b":{"0":[0,0]},"meta":{"lastBranch":1,"lastFunction":3,"lastStatement":18,"seen":{"f:11:4:11:16":0,"s:11:24:11:46":0,"f:12:10:12:22":1,"s:13:8:22:Infinity":1,"s:15:25:15:Infinity":2,"s:17:12:17:Infinity":3,"s:19:12:19:Infinity":4,"s:21:12:21:Infinity":5,"f:25:10:25:16":2,"s:27:8:45:Infinity":6,"s:28:25:28:Infinity":7,"b:31:12:41:Infinity:36:17:41:Infinity":0,"s:31:12:41:Infinity":8,"s:32:30:32:Infinity":9,"s:33:30:33:Infinity":10,"s:34:16:34:Infinity":11,"s:35:16:35:Infinity":12,"s:37:30:37:Infinity":13,"s:38:30:38:Infinity":14,"s:39:16:39:Infinity":15,"s:40:16:40:Infinity":16,"s:44:12:44:Infinity":17},"fnNames":{}}}
,"C:\\VSC_REPOSITORY\\AppoimentSystem\\src\\modules\\owner\\owner.repository.ts": {"path":"C:\\VSC_REPOSITORY\\AppoimentSystem\\src\\modules\\owner\\owner.repository.ts","statementMap":{"0":{"start":{"line":5,"column":24},"end":{"line":5,"column":44}},"1":{"start":{"line":8,"column":8},"end":{"line":10,"column":null}},"2":{"start":{"line":14,"column":8},"end":{"line":14,"column":null}},"3":{"start":{"line":18,"column":8},"end":{"line":18,"column":null}},"4":{"start":{"line":22,"column":8},"end":{"line":22,"column":null}}},"fnMap":{"0":{"name":"constructor","decl":{"start":{"line":5,"column":4},"end":{"line":5,"column":16}},"loc":{"start":{"line":5,"column":51},"end":{"line":5,"column":null}},"line":5},"1":{"name":"createOwner","decl":{"start":{"line":7,"column":10},"end":{"line":7,"column":22}},"loc":{"start":{"line":7,"column":43},"end":{"line":11,"column":null}},"line":7},"2":{"name":"getOwnerByEmail","decl":{"start":{"line":13,"column":10},"end":{"line":13,"column":26}},"loc":{"start":{"line":13,"column":39},"end":{"line":15,"column":null}},"line":13},"3":{"name":"getOwnerByCpf","decl":{"start":{"line":17,"column":10},"end":{"line":17,"column":24}},"loc":{"start":{"line":17,"column":35},"end":{"line":19,"column":null}},"line":17},"4":{"name":"getOwnerById","decl":{"start":{"line":21,"column":10},"end":{"line":21,"column":23}},"loc":{"start":{"line":21,"column":33},"end":{"line":23,"column":null}},"line":21}},"branchMap":{"0":{"loc":{"start":{"line":5,"column":16},"end":{"line":5,"column":51}},"type":"default-arg","locations":[{"start":{"line":5,"column":44},"end":{"line":5,"column":51}}],"line":5}},"s":{"0":1,"1":0,"2":0,"3":0,"4":0},"f":{"0":1,"1":0,"2":0,"3":0,"4":0},"b":{"0":[1]},"meta":{"lastBranch":1,"lastFunction":5,"lastStatement":5,"seen":{"f:5:4:5:16":0,"b:5:44:5:51":0,"s:5:24:5:44":0,"f:7:10:7:22":1,"s:8:8:10:Infinity":1,"f:13:10:13:26":2,"s:14:8:14:Infinity":2,"f:17:10:17:24":3,"s:18:8:18:Infinity":3,"f:21:10:21:23":4,"s:22:8:22:Infinity":4},"fnNames":{}}}
,"C:\\VSC_REPOSITORY\\AppoimentSystem\\src\\modules\\owner\\owner.route.ts": {"path":"C:\\VSC_REPOSITORY\\AppoimentSystem\\src\\modules\\owner\\owner.route.ts","statementMap":{"0":{"start":{"line":7,"column":26},"end":{"line":7,"column":null}},"1":{"start":{"line":8,"column":16},"end":{"line":8,"column":null}},"2":{"start":{"line":9,"column":19},"end":{"line":9,"column":null}},"3":{"start":{"line":11,"column":26},"end":{"line":17,"column":null}},"4":{"start":{"line":13,"column":4},"end":{"line":15,"column":null}},"5":{"start":{"line":16,"column":4},"end":{"line":16,"column":null}}},"fnMap":{"0":{"name":"(anonymous_0)","decl":{"start":{"line":11,"column":26},"end":{"line":11,"column":33}},"loc":{"start":{"line":11,"column":57},"end":{"line":17,"column":null}},"line":11}},"branchMap":{},"s":{"0":1,"1":1,"2":1,"3":1,"4":0,"5":0},"f":{"0":0},"b":{},"meta":{"lastBranch":0,"lastFunction":1,"lastStatement":6,"seen":{"s:7:26:7:Infinity":0,"s:8:16:8:Infinity":1,"s:9:19:9:Infinity":2,"s:11:26:17:Infinity":3,"f:11:26:11:33":0,"s:13:4:15:Infinity":4,"s:16:4:16:Infinity":5},"fnNames":{}}}
,"C:\\VSC_REPOSITORY\\AppoimentSystem\\src\\modules\\owner\\owner.service.ts": {"path":"C:\\VSC_REPOSITORY\\AppoimentSystem\\src\\modules\\owner\\owner.service.ts","statementMap":{"0":{"start":{"line":9,"column":24},"end":{"line":9,"column":52}},"1":{"start":{"line":13,"column":26},"end":{"line":13,"column":null}},"2":{"start":{"line":14,"column":8},"end":{"line":16,"column":null}},"3":{"start":{"line":15,"column":12},"end":{"line":15,"column":null}},"4":{"start":{"line":18,"column":28},"end":{"line":18,"column":null}},"5":{"start":{"line":19,"column":8},"end":{"line":21,"column":null}},"6":{"start":{"line":20,"column":12},"end":{"line":20,"column":null}},"7":{"start":{"line":23,"column":8},"end":{"line":23,"column":null}},"8":{"start":{"line":25,"column":8},"end":{"line":25,"column":null}},"9":{"start":{"line":29,"column":22},"end":{"line":29,"column":null}},"10":{"start":{"line":30,"column":8},"end":{"line":32,"column":null}},"11":{"start":{"line":31,"column":12},"end":{"line":31,"column":null}},"12":{"start":{"line":33,"column":30},"end":{"line":33,"column":null}},"13":{"start":{"line":34,"column":8},"end":{"line":36,"column":null}},"14":{"start":{"line":35,"column":12},"end":{"line":35,"column":null}},"15":{"start":{"line":37,"column":8},"end":{"line":37,"column":null}},"16":{"start":{"line":41,"column":22},"end":{"line":41,"column":null}},"17":{"start":{"line":42,"column":8},"end":{"line":44,"column":null}},"18":{"start":{"line":43,"column":12},"end":{"line":43,"column":null}},"19":{"start":{"line":45,"column":30},"end":{"line":45,"column":null}},"20":{"start":{"line":46,"column":8},"end":{"line":48,"column":null}},"21":{"start":{"line":47,"column":12},"end":{"line":47,"column":null}},"22":{"start":{"line":49,"column":8},"end":{"line":49,"column":null}}},"fnMap":{"0":{"name":"constructor","decl":{"start":{"line":9,"column":4},"end":{"line":9,"column":16}},"loc":{"start":{"line":9,"column":52},"end":{"line":9,"column":null}},"line":9},"1":{"name":"createOwner","decl":{"start":{"line":11,"column":10},"end":{"line":11,"column":22}},"loc":{"start":{"line":11,"column":43},"end":{"line":26,"column":null}},"line":11},"2":{"name":"loginWithCpf","decl":{"start":{"line":28,"column":10},"end":{"line":28,"column":23}},"loc":{"start":{"line":28,"column":43},"end":{"line":38,"column":null}},"line":28},"3":{"name":"loginWithEmail","decl":{"start":{"line":40,"column":10},"end":{"line":40,"column":25}},"loc":{"start":{"line":40,"column":45},"end":{"line":50,"column":null}},"line":40}},"branchMap":{"0":{"loc":{"start":{"line":14,"column":8},"end":{"line":16,"column":null}},"type":"if","locations":[{"start":{"line":14,"column":8},"end":{"line":16,"column":null}},{"start":{},"end":{}}],"line":14},"1":{"loc":{"start":{"line":19,"column":8},"end":{"line":21,"column":null}},"type":"if","locations":[{"start":{"line":19,"column":8},"end":{"line":21,"column":null}},{"start":{},"end":{}}],"line":19},"2":{"loc":{"start":{"line":30,"column":8},"end":{"line":32,"column":null}},"type":"if","locations":[{"start":{"line":30,"column":8},"end":{"line":32,"column":null}},{"start":{},"end":{}}],"line":30},"3":{"loc":{"start":{"line":34,"column":8},"end":{"line":36,"column":null}},"type":"if","locations":[{"start":{"line":34,"column":8},"end":{"line":36,"column":null}},{"start":{},"end":{}}],"line":34},"4":{"loc":{"start":{"line":42,"column":8},"end":{"line":44,"column":null}},"type":"if","locations":[{"start":{"line":42,"column":8},"end":{"line":44,"column":null}},{"start":{},"end":{}}],"line":42},"5":{"loc":{"start":{"line":46,"column":8},"end":{"line":48,"column":null}},"type":"if","locations":[{"start":{"line":46,"column":8},"end":{"line":48,"column":null}},{"start":{},"end":{}}],"line":46}},"s":{"0":10,"1":3,"2":3,"3":1,"4":2,"5":2,"6":1,"7":1,"8":1,"9":4,"10":4,"11":1,"12":3,"13":3,"14":2,"15":1,"16":2,"17":2,"18":1,"19":1,"20":1,"21":0,"22":1},"f":{"0":10,"1":3,"2":4,"3":2},"b":{"0":[1,2],"1":[1,1],"2":[1,3],"3":[2,1],"4":[1,1],"5":[0,1]},"meta":{"lastBranch":6,"lastFunction":4,"lastStatement":23,"seen":{"f:9:4:9:16":0,"s:9:24:9:52":0,"f:11:10:11:22":1,"s:13:26:13:Infinity":1,"b:14:8:16:Infinity:undefined:undefined:undefined:undefined":0,"s:14:8:16:Infinity":2,"s:15:12:15:Infinity":3,"s:18:28:18:Infinity":4,"b:19:8:21:Infinity:undefined:undefined:undefined:undefined":1,"s:19:8:21:Infinity":5,"s:20:12:20:Infinity":6,"s:23:8:23:Infinity":7,"s:25:8:25:Infinity":8,"f:28:10:28:23":2,"s:29:22:29:Infinity":9,"b:30:8:32:Infinity:undefined:undefined:undefined:undefined":2,"s:30:8:32:Infinity":10,"s:31:12:31:Infinity":11,"s:33:30:33:Infinity":12,"b:34:8:36:Infinity:undefined:undefined:undefined:undefined":3,"s:34:8:36:Infinity":13,"s:35:12:35:Infinity":14,"s:37:8:37:Infinity":15,"f:40:10:40:25":3,"s:41:22:41:Infinity":16,"b:42:8:44:Infinity:undefined:undefined:undefined:undefined":4,"s:42:8:44:Infinity":17,"s:43:12:43:Infinity":18,"s:45:30:45:Infinity":19,"b:46:8:48:Infinity:undefined:undefined:undefined:undefined":5,"s:46:8:48:Infinity":20,"s:47:12:47:Infinity":21,"s:49:8:49:Infinity":22},"fnNames":{}}}
,"C:\\VSC_REPOSITORY\\AppoimentSystem\\src\\modules\\owner\\owner.types.ts": {"path":"C:\\VSC_REPOSITORY\\AppoimentSystem\\src\\modules\\owner\\owner.types.ts","statementMap":{"0":{"start":{"line":3,"column":33},"end":{"line":9,"column":null}},"1":{"start":{"line":13,"column":32},"end":{"line":16,"column":null}}},"fnMap":{},"branchMap":{},"s":{"0":1,"1":1},"f":{},"b":{},"meta":{"lastBranch":0,"lastFunction":0,"lastStatement":2,"seen":{"s:3:33:9:Infinity":0,"s:13:32:16:Infinity":1},"fnNames":{}}}
,"C:\\VSC_REPOSITORY\\AppoimentSystem\\src\\utils\\cookieService.ts": {"path":"C:\\VSC_REPOSITORY\\AppoimentSystem\\src\\utils\\cookieService.ts","statementMap":{"0":{"start":{"line":8,"column":8},"end":{"line":13,"column":null}},"1":{"start":{"line":18,"column":8},"end":{"line":20,"column":null}}},"fnMap":{"0":{"name":"setCookie","decl":{"start":{"line":7,"column":11},"end":{"line":7,"column":21}},"loc":{"start":{"line":7,"column":53},"end":{"line":15,"column":null}},"line":7},"1":{"name":"clearToken","decl":{"start":{"line":17,"column":11},"end":{"line":17,"column":22}},"loc":{"start":{"line":17,"column":43},"end":{"line":21,"column":null}},"line":17}},"branchMap":{},"s":{"0":0,"1":0},"f":{"0":1,"1":1},"b":{},"meta":{"lastBranch":0,"lastFunction":2,"lastStatement":2,"seen":{"f:7:11:7:21":0,"s:8:8:13:Infinity":0,"f:17:11:17:22":1,"s:18:8:20:Infinity":1},"fnNames":{}}}
,"C:\\VSC_REPOSITORY\\AppoimentSystem\\src\\utils\\passwordHash.ts": {"path":"C:\\VSC_REPOSITORY\\AppoimentSystem\\src\\utils\\passwordHash.ts","statementMap":{"0":{"start":{"line":7,"column":24},"end":{"line":7,"column":45}},"1":{"start":{"line":10,"column":29},"end":{"line":10,"column":null}},"2":{"start":{"line":11,"column":8},"end":{"line":11,"column":null}},"3":{"start":{"line":15,"column":24},"end":{"line":15,"column":null}},"4":{"start":{"line":16,"column":8},"end":{"line":16,"column":null}}},"fnMap":{"0":{"name":"constructor","decl":{"start":{"line":7,"column":4},"end":{"line":7,"column":16}},"loc":{"start":{"line":7,"column":49},"end":{"line":7,"column":null}},"line":7},"1":{"name":"hashPassword","decl":{"start":{"line":9,"column":17},"end":{"line":9,"column":30}},"loc":{"start":{"line":9,"column":65},"end":{"line":12,"column":null}},"line":9},"2":{"name":"comparePassword","decl":{"start":{"line":14,"column":17},"end":{"line":14,"column":33}},"loc":{"start":{"line":14,"column":93},"end":{"line":17,"column":null}},"line":14}},"branchMap":{"0":{"loc":{"start":{"line":7,"column":16},"end":{"line":7,"column":49}},"type":"default-arg","locations":[{"start":{"line":7,"column":45},"end":{"line":7,"column":49}}],"line":7}},"s":{"0":0,"1":0,"2":0,"3":0,"4":0},"f":{"0":0,"1":1,"2":1},"b":{"0":[0]},"meta":{"lastBranch":1,"lastFunction":3,"lastStatement":5,"seen":{"f:7:4:7:16":0,"b:7:45:7:49":0,"s:7:24:7:45":0,"f:9:17:9:30":1,"s:10:29:10:Infinity":1,"s:11:8:11:Infinity":2,"f:14:17:14:33":2,"s:15:24:15:Infinity":3,"s:16:8:16:Infinity":4},"fnNames":{}}}
,"C:\\VSC_REPOSITORY\\AppoimentSystem\\src\\utils\\tokenService.ts": {"path":"C:\\VSC_REPOSITORY\\AppoimentSystem\\src\\utils\\tokenService.ts","statementMap":{"0":{"start":{"line":7,"column":22},"end":{"line":7,"column":null}},"1":{"start":{"line":8,"column":8},"end":{"line":8,"column":null}},"2":{"start":{"line":12,"column":8},"end":{"line":17,"column":null}},"3":{"start":{"line":13,"column":28},"end":{"line":13,"column":null}},"4":{"start":{"line":14,"column":12},"end":{"line":14,"column":null}},"5":{"start":{"line":16,"column":12},"end":{"line":16,"column":null}}},"fnMap":{"0":{"name":"generateToken","decl":{"start":{"line":6,"column":11},"end":{"line":6,"column":25}},"loc":{"start":{"line":6,"column":38},"end":{"line":9,"column":null}},"line":6},"1":{"name":"verifyToken","decl":{"start":{"line":11,"column":11},"end":{"line":11,"column":23}},"loc":{"start":{"line":11,"column":37},"end":{"line":18,"column":null}},"line":11}},"branchMap":{},"s":{"0":0,"1":0,"2":0,"3":0,"4":0,"5":0},"f":{"0":1,"1":1},"b":{},"meta":{"lastBranch":0,"lastFunction":2,"lastStatement":6,"seen":{"f:6:11:6:25":0,"s:7:22:7:Infinity":0,"s:8:8:8:Infinity":1,"f:11:11:11:23":1,"s:12:8:17:Infinity":2,"s:13:28:13:Infinity":3,"s:14:12:14:Infinity":4,"s:16:12:16:Infinity":5},"fnNames":{}}}
}
